Job Search Reminder (2026-06-01)
Saved: 1
Applied: 0
Follow-ups due: 0

1) Refresh Naukri profile
2) Check fresh jobs
3) Apply to 5–10 relevant roles
4) Send follow-ups

No follow-ups due today.
Job Search Reminder (2026-06-01)
Saved: 1
Applied: 0
Follow-ups due: 0

1) Refresh Naukri profile
2) Check fresh jobs
3) Apply to 5–10 relevant roles
4) Send follow-ups

No follow-ups due today.
Job Search Reminder (2026-06-01)
Saved: 1
Applied: 0
Follow-ups due: 0

1) Refresh Naukri profile
2) Check fresh jobs
3) Apply to 5–10 relevant roles
4) Send follow-ups

No follow-ups due today.
